# JRE version: OpenJDK Runtime Environment (8.0_322-b06) (build 1.8.0_322-b06)
# Java VM: OpenJDK 64-Bit Server VM (25.322-b06 mixed mode windows-amd64 compressed oops)
Heap:
 PSYoungGen      total 74240K, used 48940K [0x00000000f5580000, 0x00000000faa80000, 0x0000000100000000)
  eden space 61440K, 72% used [0x00000000f5580000,0x00000000f80ee500,0x00000000f9180000)
  from space 12800K, 34% used [0x00000000f9e00000,0x00000000fa25cb78,0x00000000faa80000)
  to   space 12800K, 0% used [0x00000000f9180000,0x00000000f9180000,0x00000000f9e00000)
 ParOldGen       total 175104K, used 14715K [0x00000000e0000000, 0x00000000eab00000, 0x00000000f5580000)
  object space 175104K, 8% used [0x00000000e0000000,0x00000000e0e5ef40,0x00000000eab00000)
 Metaspace       used 39271K, capacity 41184K, committed 41344K, reserved 1085440K
  class space    used 5546K, capacity 5961K, committed 6016K, reserved 1048576K
GC Heap History (10 events):
Event: 27.804 GC heap before
{Heap before GC invocations=6 (full 1):
 PSYoungGen      total 76288K, used 65536K [0x00000000f5580000, 0x00000000faa80000, 0x0000000100000000)
  eden space 65536K, 100% used [0x00000000f5580000,0x00000000f9580000,0x00000000f9580000)
  from space 10752K, 0% used [0x00000000fa000000,0x00000000fa000000,0x00000000faa80000)
  to   space 10752K, 0% used [0x00000000f9580000,0x00000000f9580000,0x00000000fa000000)
 ParOldGen       total 175104K, used 9813K [0x00000000e0000000, 0x00000000eab00000, 0x00000000f5580000)
  object space 175104K, 5% used [0x00000000e0000000,0x00000000e09956d0,0x00000000eab00000)
 Metaspace       used 24350K, capacity 25600K, committed 25728K, reserved 1071104K
  class space    used 3628K, capacity 3928K, committed 3968K, reserved 1048576K
Event: 27.807 GC heap after
Heap after GC invocations=6 (full 1):
 PSYoungGen      total 74752K, used 4582K [0x00000000f5580000, 0x00000000fae00000, 0x0000000100000000)
  eden space 64000K, 0% used [0x00000000f5580000,0x00000000f5580000,0x00000000f9400000)
  from space 10752K, 42% used [0x00000000f9580000,0x00000000f99f9bc0,0x00000000fa000000)
  to   space 13312K, 0% used [0x00000000fa100000,0x00000000fa100000,0x00000000fae00000)
 ParOldGen       total 175104K, used 9821K [0x00000000e0000000, 0x00000000eab00000, 0x00000000f5580000)
  object space 175104K, 5% used [0x00000000e0000000,0x00000000e09976d0,0x00000000eab00000)
 Metaspace       used 24350K, capacity 25600K, committed 25728K, reserved 1071104K
  class space    used 3628K, capacity 3928K, committed 3968K, reserved 1048576K
}
Event: 35.450 GC heap before
{Heap before GC invocations=7 (full 1):
 PSYoungGen      total 74752K, used 68582K [0x00000000f5580000, 0x00000000fae00000, 0x0000000100000000)
  eden space 64000K, 100% used [0x00000000f5580000,0x00000000f9400000,0x00000000f9400000)
  from space 10752K, 42% used [0x00000000f9580000,0x00000000f99f9bc0,0x00000000fa000000)
  to   space 13312K, 0% used [0x00000000fa100000,0x00000000fa100000,0x00000000fae00000)
 ParOldGen       total 175104K, used 9821K [0x00000000e0000000, 0x00000000eab00000, 0x00000000f5580000)
  object space 175104K, 5% used [0x00000000e0000000,0x00000000e09976d0,0x00000000eab00000)
 Metaspace       used 31901K, capacity 33412K, committed 33664K, reserved 1077248K
  class space    used 4664K, capacity 4985K, committed 4992K, reserved 1048576K
Event: 35.455 GC heap after
Heap after GC invocations=7 (full 1):
 PSYoungGen      total 74240K, used 9491K [0x00000000f5580000, 0x00000000fac80000, 0x0000000100000000)
  eden space 62464K, 0% used [0x00000000f5580000,0x00000000f5580000,0x00000000f9280000)
  from space 11776K, 80% used [0x00000000fa100000,0x00000000faa44c88,0x00000000fac80000)
  to   space 13312K, 0% used [0x00000000f9280000,0x00000000f9280000,0x00000000f9f80000)
 ParOldGen       total 175104K, used 9829K [0x00000000e0000000, 0x00000000eab00000, 0x00000000f5580000)
  object space 175104K, 5% used [0x00000000e0000000,0x00000000e09996d0,0x00000000eab00000)
 Metaspace       used 31901K, capacity 33412K, committed 33664K, reserved 1077248K
  class space    used 4664K, capacity 4985K, committed 4992K, reserved 1048576K
}
Event: 36.086 GC heap before
{Heap before GC invocations=8 (full 1):
 PSYoungGen      total 74240K, used 36166K [0x00000000f5580000, 0x00000000fac80000, 0x0000000100000000)
  eden space 62464K, 42% used [0x00000000f5580000,0x00000000f6f8ccd0,0x00000000f9280000)
  from space 11776K, 80% used [0x00000000fa100000,0x00000000faa44c88,0x00000000fac80000)
  to   space 13312K, 0% used [0x00000000f9280000,0x00000000f9280000,0x00000000f9f80000)
 ParOldGen       total 175104K, used 9829K [0x00000000e0000000, 0x00000000eab00000, 0x00000000f5580000)
  object space 175104K, 5% used [0x00000000e0000000,0x00000000e09996d0,0x00000000eab00000)
 Metaspace       used 33893K, capacity 35356K, committed 35456K, reserved 1079296K
  class space    used 4850K, capacity 5174K, committed 5248K, reserved 1048576K
Event: 36.093 GC heap after
Heap after GC invocations=8 (full 1):
 PSYoungGen      total 70144K, used 7258K [0x00000000f5580000, 0x00000000faa80000, 0x0000000100000000)
  eden space 62464K, 0% used [0x00000000f5580000,0x00000000f5580000,0x00000000f9280000)
  from space 7680K, 94% used [0x00000000f9280000,0x00000000f99968f0,0x00000000f9a00000)
  to   space 12800K, 0% used [0x00000000f9e00000,0x00000000f9e00000,0x00000000faa80000)
 ParOldGen       total 175104K, used 9837K [0x00000000e0000000, 0x00000000eab00000, 0x00000000f5580000)
  object space 175104K, 5% used [0x00000000e0000000,0x00000000e099b6d0,0x00000000eab00000)
 Metaspace       used 33893K, capacity 35356K, committed 35456K, reserved 1079296K
  class space    used 4850K, capacity 5174K, committed 5248K, reserved 1048576K
}
Event: 36.093 GC heap before
{Heap before GC invocations=9 (full 2):
 PSYoungGen      total 70144K, used 7258K [0x00000000f5580000, 0x00000000faa80000, 0x0000000100000000)
  eden space 62464K, 0% used [0x00000000f5580000,0x00000000f5580000,0x00000000f9280000)
  from space 7680K, 94% used [0x00000000f9280000,0x00000000f99968f0,0x00000000f9a00000)
  to   space 12800K, 0% used [0x00000000f9e00000,0x00000000f9e00000,0x00000000faa80000)
 ParOldGen       total 175104K, used 9837K [0x00000000e0000000, 0x00000000eab00000, 0x00000000f5580000)
  object space 175104K, 5% used [0x00000000e0000000,0x00000000e099b6d0,0x00000000eab00000)
 Metaspace       used 33893K, capacity 35356K, committed 35456K, reserved 1079296K
  class space    used 4850K, capacity 5174K, committed 5248K, reserved 1048576K
Event: 36.139 GC heap after
Heap after GC invocations=9 (full 2):
 PSYoungGen      total 70144K, used 0K [0x00000000f5580000, 0x00000000faa80000, 0x0000000100000000)
  eden space 62464K, 0% used [0x00000000f5580000,0x00000000f5580000,0x00000000f9280000)
  from space 7680K, 0% used [0x00000000f9280000,0x00000000f9280000,0x00000000f9a00000)
  to   space 12800K, 0% used [0x00000000f9e00000,0x00000000f9e00000,0x00000000faa80000)
 ParOldGen       total 175104K, used 14707K [0x00000000e0000000, 0x00000000eab00000, 0x00000000f5580000)
  object space 175104K, 8% used [0x00000000e0000000,0x00000000e0e5cf40,0x00000000eab00000)
 Metaspace       used 33873K, capacity 35290K, committed 35456K, reserved 1079296K
  class space    used 4844K, capacity 5163K, committed 5248K, reserved 1048576K
}
Event: 37.717 GC heap before
{Heap before GC invocations=10 (full 2):
 PSYoungGen      total 70144K, used 62464K [0x00000000f5580000, 0x00000000faa80000, 0x0000000100000000)
  eden space 62464K, 100% used [0x00000000f5580000,0x00000000f9280000,0x00000000f9280000)
  from space 7680K, 0% used [0x00000000f9280000,0x00000000f9280000,0x00000000f9a00000)
  to   space 12800K, 0% used [0x00000000f9e00000,0x00000000f9e00000,0x00000000faa80000)
 ParOldGen       total 175104K, used 14707K [0x00000000e0000000, 0x00000000eab00000, 0x00000000f5580000)
  object space 175104K, 8% used [0x00000000e0000000,0x00000000e0e5cf40,0x00000000eab00000)
 Metaspace       used 36411K, capacity 38154K, committed 38272K, reserved 1081344K
  class space    used 5228K, capacity 5657K, committed 5760K, reserved 1048576K
Event: 37.720 GC heap after
Heap after GC invocations=10 (full 2):
 PSYoungGen      total 74240K, used 4466K [0x00000000f5580000, 0x00000000faa80000, 0x0000000100000000)
  eden space 61440K, 0% used [0x00000000f5580000,0x00000000f5580000,0x00000000f9180000)
  from space 12800K, 34% used [0x00000000f9e00000,0x00000000fa25cb78,0x00000000faa80000)
  to   space 12800K, 0% used [0x00000000f9180000,0x00000000f9180000,0x00000000f9e00000)
 ParOldGen       total 175104K, used 14715K [0x00000000e0000000, 0x00000000eab00000, 0x00000000f5580000)
  object space 175104K, 8% used [0x00000000e0000000,0x00000000e0e5ef40,0x00000000eab00000)
 Metaspace       used 36411K, capacity 38154K, committed 38272K, reserved 1081344K
  class space    used 5228K, capacity 5657K, committed 5760K, reserved 1048576K
}

